<?xml version="1.0" encoding="UTF-8"?>
<!-- Generated by org.testng.reporters.JUnitReportReporter -->
<testsuite hostname="TechAviator-PC" name="Scenario_Component.Scenario_Cart" tests="1" failures="0" timestamp="10 Dec 2016 06:36:07 GMT" time="60.973" errors="0">
  <testcase name="testDeleteCart" time="60.973" classname="Scenario_Component.Scenario_Cart"/>
</testsuite> <!-- Scenario_Component.Scenario_Cart -->
